mag.corpus Sat 13 Mar 2021 02:09:38 PM EST	0/0	Error 10002
mag.corpus Sat 13 Mar 2021 02:12:23 PM EST	0/0	Error 10002
mag.corpus Sun 14 Mar 2021 04:07:56 PM EDT	0/0	Error 10002
mag.corpus Sun 14 Mar 2021 04:08:26 PM EDT	335/1583	~0.21162349968414403032
mag.corpus Sun 14 Mar 2021 04:10:47 PM EDT	335/1583	~0.21162349968414403032
mag.corpus Sun 14 Mar 2021 04:39:20 PM EDT	335/1583	~0.21162349968414403032
mag.corpus Sun 14 Mar 2021 04:40:45 PM EDT	335/1583	~0.21162349968414403032
mag.corpus Sun 14 Mar 2021 04:44:01 PM EDT	335/1583	~0.21162349968414403032
mag.corpus Sun 14 Mar 2021 04:48:15 PM EDT	335/1583	~0.21162349968414403032
mag.corpus Sun 14 Mar 2021 04:49:48 PM EDT	0/1248	0
mag.corpus Sun 14 Mar 2021 04:51:55 PM EDT	335/1583	~0.21162349968414403032
mag.corpus Sun 14 Mar 2021 04:57:59 PM EDT	335/1583	~0.21162349968414403032
mag.corpus Sun 14 Mar 2021 04:58:06 PM EDT	335/1583	~0.21162349968414403032
mag.corpus Tue 16 Mar 2021 05:30:05 PM EDT	0/0	Error 10002
mag.corpus Tue 16 Mar 2021 05:31:00 PM EDT	335/1583	~0.21162349968414403032
mag.corpus Tue 16 Mar 2021 10:21:47 PM EDT	425/1583	~0.26847757422615287429
mag.corpus Tue 16 Mar 2021 10:23:05 PM EDT	425/1583	~0.26847757422615287429
mag.corpus Tue 16 Mar 2021 10:23:35 PM EDT	425/1583	~0.26847757422615287429
mag.corpus Tue 16 Mar 2021 10:25:51 PM EDT	425/1583	~0.26847757422615287429
mag.corpus Tue 16 Mar 2021 10:50:39 PM EDT	425/1583	~0.26847757422615287429
mag.corpus Thu 18 Mar 2021 11:13:08 AM PDT	425/1583	~0.26847757422615287429
mag.corpus Thu 18 Mar 2021 11:37:16 AM PDT	434/1583	~0.27416298168035375869
mag.corpus Thu 18 Mar 2021 12:10:54 PM PDT	434/1583	~0.27416298168035375869
mag.corpus Thu 18 Mar 2021 12:11:33 PM PDT	1110907/3678603	~0.30199154407257320238
mag.corpus Thu 18 Mar 2021 12:17:43 PM PDT	434/1583	~0.27416298168035375869
mag.corpus Thu 18 Mar 2021 12:21:19 PM PDT	434/1583	~0.27416298168035375869
mag.corpus Thu 18 Mar 2021 12:24:18 PM PDT	471/1583	~0.29753632343651295009
mag.corpus Thu 18 Mar 2021 12:24:36 PM PDT	1218680/3678603	~0.33128880719120818419
mag.corpus Thu 18 Mar 2021 12:30:40 PM PDT	471/1583	~0.29753632343651295009
mag.corpus Thu 18 Mar 2021 12:30:58 PM PDT	1218680/3678603	~0.33128880719120818419
mag.corpus Thu 18 Mar 2021 12:32:36 PM PDT	502/1583	~0.31711939355653821857
mag.corpus Thu 18 Mar 2021 12:32:58 PM PDT	1237301/3678603	~0.33635078316415226107
mag.corpus Thu 18 Mar 2021 04:17:35 PM EDT	502/1583	~0.31711939355653821857
mag.corpus Thu 18 Mar 2021 04:17:56 PM EDT	502/1583	~0.31711939355653821857
mag.corpus Thu 18 Mar 2021 04:23:06 PM EDT	1237301/3678603	~0.33635078316415226106
mag.corpus Sun 21 Mar 2021 01:17:28 PM PDT	1235794/3678603	~0.33594111677721134898
mag.corpus Sun 21 Mar 2021 01:24:27 PM PDT	1235794/3678603	~0.33594111677721134898
mag.corpus Sun 21 Mar 2021 01:26:43 PM PDT	1235794/3678603	~0.33594111677721134898
mag.corpus Sun 28 Mar 2021 05:50:13 PM EDT	533/1583	~0.33670246367656348705
mag.corpus Sun 28 Mar 2021 05:52:36 PM EDT	1364316/3678603	~0.37087883634086091921
mag.corpus Sun 28 Mar 2021 10:15:23 PM EDT	1364820/3678603	~0.37101584487371972458
mag.corpus Sun 28 Mar 2021 10:57:51 PM EDT	535/1583	~0.33796588755527479469
mag.corpus Sun 28 Mar 2021 11:43:43 PM EDT	1402752/3678603	~0.38132736802530743328
mag.corpus Thu 01 Apr 2021 01:57:59 PM EDT	1418109/3678603	~0.38550205064259448492
mag.corpus Thu 01 Apr 2021 01:58:17 PM EDT	1418109/3678603	~0.38550205064259448492
mag.corpus Sun 11 Apr 2021 02:14:04 PM EDT	1512682/3678603	~0.41121099504349884997
ling073-mag-eng-corpus Sun 11 Apr 2021 07:50:45 PM EDT	1/1	1
mag.sentences.txt Sun 11 Apr 2021 07:50:59 PM EDT	217/305	~0.71147540983606557377
mag.sentences.txt Sun 11 Apr 2021 07:56:58 PM EDT	229/305	~0.75081967213114754098
mag.sentences.txt Sun 11 Apr 2021 08:12:16 PM EDT	0/0	Error 10002
mag.sentences.txt Sun 11 Apr 2021 08:12:30 PM EDT	229/305	~0.75081967213114754098
mag.sentences.txt Sun 11 Apr 2021 09:52:25 PM EDT	229/305	~0.75081967213114754098
ling0mag.corpus Tue 04 May 2021 03:01:40 PM EDT	1/1	1
mag.corpus Tue 04 May 2021 03:04:01 PM EDT	1655408/3678603	~0.45000996302128824448
mag.corpus Sat May 8 09:41:46 PM PDT 2021	1807201/3678603	
mag.corpus Wed May 19 07:21:16 AM PDT 2021	1976469/3678603	
mag.corpus Wed May 19 09:41:01 AM PDT 2021	90906/179092	~0.50759386237241194470
mag.corpus Wed May 19 09:46:59 AM PDT 2021	90499/179092	~0.50532128738302101713
mag.corpus Wed May 19 09:49:11 AM PDT 2021	90779/179092	~0.50688472963616465280
mag.corpus Wed May 19 09:58:42 AM PDT 2021	91153/179092	~0.50897304178857793760
mag.corpus Wed May 19 09:59:00 AM PDT 2021	91153/179092	~0.50897304178857793760
mag.corpus Wed May 19 10:01:10 AM PDT 2021	91153/179092	~0.50897304178857793760
mag.corpus Wed May 19 10:06:55 AM PDT 2021	91368/179092	~0.51017354209009894356
test.txt Wed May 19 10:08:58 AM PDT 2021	104083/187701	~0.55451489336764321980
test.txt Wed May 19 10:30:07 AM PDT 2021	104432/187701	~0.55637423348836713710
test.txt Wed May 19 10:32:50 AM PDT 2021	104911/187701	~0.55892616448500540754
mag.corpus Wed May 19 10:47:59 AM PDT 2021	104996/187701	~0.55937901236541094613
mag.corpus.large Wed May 19 10:48:41 AM PDT 2021	106054/187701	~0.56501563657092929713
mag.corpus.large Wed May 19 10:54:31 AM PDT 2021	107792/187701	~0.57427504381969195689
mag.corpus Wed May 19 11:32:45 AM PDT 2021	106636/187701	~0.56811631264617663198
mag.corpus.large Wed May 19 11:33:43 AM PDT 2021	108642/187701	~0.57880352262374734285
mag.corpus.large Wed May 19 11:44:23 AM PDT 2021	108892/187701	~0.58013542815435186813
mag.corpus.large Wed May 19 11:48:35 AM PDT 2021	109518/187701	~0.58347051960298559944
mag.corpus.large Wed May 19 11:57:30 AM PDT 2021	111164/187701	~0.59223978561648579390
mag.corpus.large Wed May 19 12:02:27 PM PDT 2021	112029/187701	~0.59684817875237745137
mag.corpus.large Wed May 19 12:03:07 PM PDT 2021	112166/187701	~0.59757806298314873123
mag.corpus.large Wed May 19 12:18:21 PM PDT 2021	113466/187701	~0.60450397174229226269
mag.corpus.large Wed May 19 12:30:20 PM PDT 2021	115477/187701	~0.61521781983047506406
mag.corpus.large Wed May 19 12:32:25 PM PDT 2021	116201/187701	~0.61907501824710576928
mag.corpus.large Wed May 19 12:35:11 PM PDT 2021	116574/187701	~0.62106222129876772100
mag.corpus.large Wed May 19 05:01:46 PM PDT 2021	116574/187701	~0.62106222129876772100
mag.corpus.large Wed May 19 05:26:24 PM PDT 2021	117548/187701	~0.62625132524600295150
mag.corpus.large Wed May 19 05:33:16 PM PDT 2021	118122/187701	~0.62930938034427094155
mag.corpus.large Wed May 19 05:34:56 PM PDT 2021	118474/187701	~0.63118470333136211315
mag.corpus.large Wed May 19 05:42:59 PM PDT 2021	118937/187701	~0.63365139237404169397
mag.corpus.large Wed May 19 06:01:32 PM PDT 2021	119659/187701	~0.63749793554642756299
